# JRE version: Java(TM) SE Runtime Environment (8.0_112-b15) (build 1.8.0_112-b15)
# Java VM: Java HotSpot(TM) 64-Bit Server VM (25.112-b15 mixed mode windows-amd64 compressed oops)
Heap:
 PSYoungGen      total 247296K, used 11668K [0x00000000d5b80000, 0x00000000e6600000, 0x0000000100000000)
  eden space 235520K, 0% used [0x00000000d5b80000,0x00000000d5b80000,0x00000000e4180000)
  from space 11776K, 99% used [0x00000000e5a80000,0x00000000e65e5258,0x00000000e6600000)
  to   space 17920K, 0% used [0x00000000e4300000,0x00000000e4300000,0x00000000e5480000)
 ParOldGen       total 92160K, used 24020K [0x0000000081200000, 0x0000000086c00000, 0x00000000d5b80000)
  object space 92160K, 26% used [0x0000000081200000,0x00000000829751b8,0x0000000086c00000)
 Metaspace       used 45971K, capacity 46549K, committed 46936K, reserved 1093632K
  class space    used 6007K, capacity 6163K, committed 6272K, reserved 1048576K
GC Heap History (10 events):
Event: 3.980 GC heap after
Heap after GC invocations=8 (full 1):
 PSYoungGen      total 138240K, used 10209K [0x00000000d5b80000, 0x00000000e2f00000, 0x0000000100000000)
  eden space 128000K, 0% used [0x00000000d5b80000,0x00000000d5b80000,0x00000000dd880000)
  from space 10240K, 99% used [0x00000000dd880000,0x00000000de278450,0x00000000de280000)
  to   space 12800K, 0% used [0x00000000e2280000,0x00000000e2280000,0x00000000e2f00000)
 ParOldGen       total 56320K, used 12593K [0x0000000081200000, 0x0000000084900000, 0x00000000d5b80000)
  object space 56320K, 22% used [0x0000000081200000,0x0000000081e4c7f0,0x0000000084900000)
 Metaspace       used 27710K, capacity 28050K, committed 28288K, reserved 1073152K
  class space    used 3627K, capacity 3710K, committed 3712K, reserved 1048576K
}
Event: 4.759 GC heap before
{Heap before GC invocations=9 (full 1):
 PSYoungGen      total 138240K, used 88521K [0x00000000d5b80000, 0x00000000e2f00000, 0x0000000100000000)
  eden space 128000K, 61% used [0x00000000d5b80000,0x00000000da7fa2a0,0x00000000dd880000)
  from space 10240K, 99% used [0x00000000dd880000,0x00000000de278450,0x00000000de280000)
  to   space 12800K, 0% used [0x00000000e2280000,0x00000000e2280000,0x00000000e2f00000)
 ParOldGen       total 56320K, used 12593K [0x0000000081200000, 0x0000000084900000, 0x00000000d5b80000)
  object space 56320K, 22% used [0x0000000081200000,0x0000000081e4c7f0,0x0000000084900000)
 Metaspace       used 34731K, capacity 35148K, committed 35416K, reserved 1079296K
  class space    used 4544K, capacity 4653K, committed 4736K, reserved 1048576K
Event: 4.773 GC heap after
Heap after GC invocations=9 (full 1):
 PSYoungGen      total 199680K, used 12784K [0x00000000d5b80000, 0x00000000e4b00000, 0x0000000100000000)
  eden space 186880K, 0% used [0x00000000d5b80000,0x00000000d5b80000,0x00000000e1200000)
  from space 12800K, 99% used [0x00000000e2280000,0x00000000e2efc3a0,0x00000000e2f00000)
  to   space 16896K, 0% used [0x00000000e1200000,0x00000000e1200000,0x00000000e2280000)
 ParOldGen       total 56320K, used 17405K [0x0000000081200000, 0x0000000084900000, 0x00000000d5b80000)
  object space 56320K, 30% used [0x0000000081200000,0x00000000822ff710,0x0000000084900000)
 Metaspace       used 34731K, capacity 35148K, committed 35416K, reserved 1079296K
  class space    used 4544K, capacity 4653K, committed 4736K, reserved 1048576K
}
Event: 4.773 GC heap before
{Heap before GC invocations=10 (full 2):
 PSYoungGen      total 199680K, used 12784K [0x00000000d5b80000, 0x00000000e4b00000, 0x0000000100000000)
  eden space 186880K, 0% used [0x00000000d5b80000,0x00000000d5b80000,0x00000000e1200000)
  from space 12800K, 99% used [0x00000000e2280000,0x00000000e2efc3a0,0x00000000e2f00000)
  to   space 16896K, 0% used [0x00000000e1200000,0x00000000e1200000,0x00000000e2280000)
 ParOldGen       total 56320K, used 17405K [0x0000000081200000, 0x0000000084900000, 0x00000000d5b80000)
  object space 56320K, 30% used [0x0000000081200000,0x00000000822ff710,0x0000000084900000)
 Metaspace       used 34731K, capacity 35148K, committed 35416K, reserved 1079296K
  class space    used 4544K, capacity 4653K, committed 4736K, reserved 1048576K
Event: 4.833 GC heap after
Heap after GC invocations=10 (full 2):
 PSYoungGen      total 199680K, used 0K [0x00000000d5b80000, 0x00000000e4b00000, 0x0000000100000000)
  eden space 186880K, 0% used [0x00000000d5b80000,0x00000000d5b80000,0x00000000e1200000)
  from space 12800K, 0% used [0x00000000e2280000,0x00000000e2280000,0x00000000e2f00000)
  to   space 16896K, 0% used [0x00000000e1200000,0x00000000e1200000,0x00000000e2280000)
 ParOldGen       total 92160K, used 24004K [0x0000000081200000, 0x0000000086c00000, 0x00000000d5b80000)
  object space 92160K, 26% used [0x0000000081200000,0x00000000829711b8,0x0000000086c00000)
 Metaspace       used 34731K, capacity 35148K, committed 35416K, reserved 1079296K
  class space    used 4544K, capacity 4653K, committed 4736K, reserved 1048576K
}
Event: 5.833 GC heap before
{Heap before GC invocations=11 (full 2):
 PSYoungGen      total 199680K, used 186880K [0x00000000d5b80000, 0x00000000e4b00000, 0x0000000100000000)
  eden space 186880K, 100% used [0x00000000d5b80000,0x00000000e1200000,0x00000000e1200000)
  from space 12800K, 0% used [0x00000000e2280000,0x00000000e2280000,0x00000000e2f00000)
  to   space 16896K, 0% used [0x00000000e1200000,0x00000000e1200000,0x00000000e2280000)
 ParOldGen       total 92160K, used 24004K [0x0000000081200000, 0x0000000086c00000, 0x00000000d5b80000)
  object space 92160K, 26% used [0x0000000081200000,0x00000000829711b8,0x0000000086c00000)
 Metaspace       used 41868K, capacity 42450K, committed 42840K, reserved 1087488K
  class space    used 5528K, capacity 5662K, committed 5760K, reserved 1048576K
Event: 5.847 GC heap after
Heap after GC invocations=11 (full 2):
 PSYoungGen      total 203776K, used 14175K [0x00000000d5b80000, 0x00000000e6c00000, 0x0000000100000000)
  eden space 186880K, 0% used [0x00000000d5b80000,0x00000000d5b80000,0x00000000e1200000)
  from space 16896K, 83% used [0x00000000e1200000,0x00000000e1fd7ff8,0x00000000e2280000)
  to   space 17920K, 0% used [0x00000000e5a80000,0x00000000e5a80000,0x00000000e6c00000)
 ParOldGen       total 92160K, used 24012K [0x0000000081200000, 0x0000000086c00000, 0x00000000d5b80000)
  object space 92160K, 26% used [0x0000000081200000,0x00000000829731b8,0x0000000086c00000)
 Metaspace       used 41868K, capacity 42450K, committed 42840K, reserved 1087488K
  class space    used 5528K, capacity 5662K, committed 5760K, reserved 1048576K
}
Event: 35.103 GC heap before
{Heap before GC invocations=12 (full 2):
 PSYoungGen      total 203776K, used 79904K [0x00000000d5b80000, 0x00000000e6c00000, 0x0000000100000000)
  eden space 186880K, 35% used [0x00000000d5b80000,0x00000000d9bb02c8,0x00000000e1200000)
  from space 16896K, 83% used [0x00000000e1200000,0x00000000e1fd7ff8,0x00000000e2280000)
  to   space 17920K, 0% used [0x00000000e5a80000,0x00000000e5a80000,0x00000000e6c00000)
 ParOldGen       total 92160K, used 24012K [0x0000000081200000, 0x0000000086c00000, 0x00000000d5b80000)
  object space 92160K, 26% used [0x0000000081200000,0x00000000829731b8,0x0000000086c00000)
 Metaspace       used 45971K, capacity 46549K, committed 46936K, reserved 1093632K
  class space    used 6007K, capacity 6163K, committed 6272K, reserved 1048576K
Event: 35.122 GC heap after
Heap after GC invocations=12 (full 2):
 PSYoungGen      total 247296K, used 11668K [0x00000000d5b80000, 0x00000000e6600000, 0x0000000100000000)
  eden space 235520K, 0% used [0x00000000d5b80000,0x00000000d5b80000,0x00000000e4180000)
  from space 11776K, 99% used [0x00000000e5a80000,0x00000000e65e5258,0x00000000e6600000)
  to   space 17920K, 0% used [0x00000000e4300000,0x00000000e4300000,0x00000000e5480000)
 ParOldGen       total 92160K, used 24020K [0x0000000081200000, 0x0000000086c00000, 0x00000000d5b80000)
  object space 92160K, 26% used [0x0000000081200000,0x00000000829751b8,0x0000000086c00000)
 Metaspace       used 45971K, capacity 46549K, committed 46936K, reserved 1093632K
  class space    used 6007K, capacity 6163K, committed 6272K, reserved 1048576K
}
Event: 35.122 GC heap before
{Heap before GC invocations=13 (full 3):
 PSYoungGen      total 247296K, used 11668K [0x00000000d5b80000, 0x00000000e6600000, 0x0000000100000000)
  eden space 235520K, 0% used [0x00000000d5b80000,0x00000000d5b80000,0x00000000e4180000)
  from space 11776K, 99% used [0x00000000e5a80000,0x00000000e65e5258,0x00000000e6600000)
  to   space 17920K, 0% used [0x00000000e4300000,0x00000000e4300000,0x00000000e5480000)
 ParOldGen       total 92160K, used 24020K [0x0000000081200000, 0x0000000086c00000, 0x00000000d5b80000)
  object space 92160K, 26% used [0x0000000081200000,0x00000000829751b8,0x0000000086c00000)
 Metaspace       used 45971K, capacity 46549K, committed 46936K, reserved 1093632K
  class space    used 6007K, capacity 6163K, committed 6272K, reserved 1048576K

